Using pre-set license
Built from '2021.1/staging' branch; Version is '2021.1.15f1 (e767a7370072) revision 15165351'; Using compiler version '192528614'; Build Type 'Release'
OS: 'Windows 10 Home; OS build 19044.1645; Version 2009; 64bit' Language: 'en' Physical Memory: 32693 MB
BatchMode: 1, IsHumanControllingUs: 0, StartBugReporterOnCrash: 0, Is64bit: 1, IsPro: 0

 COMMAND LINE ARGUMENTS:
C:\Program Files\Unity\Hub\Editor\2021.1.15f1\Editor\Unity.exe
-adb2
-batchMode
-noUpm
-name
AssetImportWorker0
-projectPath
C:/Users/Ethan/Desktop/MDIA410L-Portfolio-Project/Portfolio-Project
-logFile
Logs/AssetImportWorker0.log
-srvPort
59023
Successfully changed project path to: C:/Users/Ethan/Desktop/MDIA410L-Portfolio-Project/Portfolio-Project
C:/Users/Ethan/Desktop/MDIA410L-Portfolio-Project/Portfolio-Project
Using Asset Import Pipeline V2.
Refreshing native plugins compatible for Editor in 75.13 ms, found 3 plugins.
Preloading 0 native plugins for Editor in 0.00 ms.
Initialize engine version: 2021.1.15f1 (e767a7370072)
[Subsystems] Discovering subsystems at path C:/Program Files/Unity/Hub/Editor/2021.1.15f1/Editor/Data/Resources/UnitySubsystems
[Subsystems] Discovering subsystems at path C:/Users/Ethan/Desktop/MDIA410L-Portfolio-Project/Portfolio-Project/Assets
GfxDevice: creating device client; threaded=0; jobified=0
Direct3D:
    Version:  Direct3D 11.0 [level 11.1]
    Renderer: NVIDIA GeForce RTX 2080 (ID=0x1e87)
    Vendor:   NVIDIA
    VRAM:     8010 MB
    Driver:   30.0.14.7196
Initialize mono
Mono path[0] = 'C:/Program Files/Unity/Hub/Editor/2021.1.15f1/Editor/Data/Managed'
Mono path[1] = 'C:/Program Files/Unity/Hub/Editor/2021.1.15f1/Editor/Data/MonoBleedingEdge/lib/mono/unityjit'
Mono config path = 'C:/Program Files/Unity/Hub/Editor/2021.1.15f1/Editor/Data/MonoBleedingEdge/etc'
Using monoOptions --debugger-agent=transport=dt_socket,embedding=1,server=y,suspend=n,address=127.0.0.1:56428
Begin MonoManager ReloadAssembly
Registering precompiled unity dll's ...
Register platform support module: C:/Program Files/Unity/Hub/Editor/2021.1.15f1/Editor/Data/PlaybackEngines/WindowsStandaloneSupport/UnityEditor.WindowsStandalone.Extensions.dll
Registered in 0.001726 seconds.
Native extension for WindowsStandalone target not found
Refreshing native plugins compatible for Editor in 74.09 ms, found 3 plugins.
Preloading 0 native plugins for Editor in 0.00 ms.
Mono: successfully reloaded assembly
- Completed reload, in  0.974 seconds
Domain Reload Profiling:
	ReloadAssembly (974ms)
		BeginReloadAssembly (45ms)
			ExecutionOrderSort (0ms)
			DisableScriptedObjects (0ms)
			BackupInstance (0ms)
			ReleaseScriptingObjects (0ms)
			CreateAndSetChildDomain (1ms)
		EndReloadAssembly (393ms)
			LoadAssemblies (43ms)
			RebuildTransferFunctionScriptingTraits (0ms)
			SetupTypeCache (140ms)
			ReleaseScriptCaches (0ms)
			RebuildScriptCaches (25ms)
			SetupLoadedEditorAssemblies (189ms)
				LogAssemblyErrors (0ms)
				InitializePlatformSupportModulesInManaged (5ms)
				SetLoadedEditorAssemblies (0ms)
				RefreshPlugins (74ms)
				BeforeProcessingInitializeOnLoad (1ms)
				ProcessInitializeOnLoadAttributes (84ms)
				ProcessInitializeOnLoadMethodAttributes (24ms)
				AfterProcessingInitializeOnLoad (0ms)
				EditorAssembliesLoaded (0ms)
			ExecutionOrderSort2 (0ms)
			AwakeInstancesAfterBackupRestoration (0ms)
Platform modules already initialized, skipping
Registering precompiled user dll's ...
Registered in 0.004963 seconds.
Begin MonoManager ReloadAssembly
Symbol file LoadedFromMemory doesn't match image C:\Users\Ethan\Desktop\MDIA410L-Portfolio-Project\Portfolio-Project\Library\PackageCache\com.unity.visualscripting@1.6.1\Editor\VisualScripting.Core\Dependencies\YamlDotNet\Unity.VisualScripting.YamlDotNet.dll
Symbol file LoadedFromMemory doesn't match image C:\Users\Ethan\Desktop\MDIA410L-Portfolio-Project\Portfolio-Project\Library\PackageCache\com.unity.visualscripting@1.6.1\Editor\VisualScripting.Core\Dependencies\DotNetZip\Unity.VisualScripting.IonicZip.dll
Native extension for WindowsStandalone target not found
Refreshing native plugins compatible for Editor in 73.88 ms, found 3 plugins.
Preloading 0 native plugins for Editor in 0.00 ms.
Mono: successfully reloaded assembly
- Completed reload, in  1.035 seconds
Domain Reload Profiling:
	ReloadAssembly (1035ms)
		BeginReloadAssembly (121ms)
			ExecutionOrderSort (0ms)
			DisableScriptedObjects (4ms)
			BackupInstance (0ms)
			ReleaseScriptingObjects (0ms)
			CreateAndSetChildDomain (16ms)
		EndReloadAssembly (861ms)
			LoadAssemblies (72ms)
			RebuildTransferFunctionScriptingTraits (0ms)
			SetupTypeCache (289ms)
			ReleaseScriptCaches (1ms)
			RebuildScriptCaches (40ms)
			SetupLoadedEditorAssemblies (377ms)
				LogAssemblyErrors (0ms)
				InitializePlatformSupportModulesInManaged (3ms)
				SetLoadedEditorAssemblies (0ms)
				RefreshPlugins (74ms)
				BeforeProcessingInitializeOnLoad (61ms)
				ProcessInitializeOnLoadAttributes (229ms)
				ProcessInitializeOnLoadMethodAttributes (4ms)
				AfterProcessingInitializeOnLoad (6ms)
				EditorAssembliesLoaded (0ms)
			ExecutionOrderSort2 (0ms)
			AwakeInstancesAfterBackupRestoration (6ms)
Platform modules already initialized, skipping
========================================================================
Worker process is ready to serve import requests
Launched and connected shader compiler UnityShaderCompiler.exe after 0.04 seconds
Refreshing native plugins compatible for Editor in 0.68 ms, found 3 plugins.
Preloading 0 native plugins for Editor in 0.00 ms.
Unloading 3275 Unused Serialized files (Serialized files now loaded: 0)
System memory in use before: 122.6 MB.
System memory in use after: 122.8 MB.

Unloading 24 unused Assets to reduce memory usage. Loaded Objects now: 3723.
Total: 2.241900 ms (FindLiveObjects: 0.216200 ms CreateObjectMapping: 0.161800 ms MarkObjects: 1.798600 ms  DeleteObjects: 0.064300 ms)

AssetImportParameters requested are different than current active one (requested -> active):
  custom:framework-win-MediaFoundation: 216162199b28c13a410421893ffa2e32 -> 
  custom:video-decoder-ogg-theora: a1e56fd34408186e4bbccfd4996cb3dc -> 
  custom:container-muxer-webm: aa71ff27fc2769a1b78a27578f13a17b -> 
  custom:container-demuxer-webm: 4f35f7cbe854078d1ac9338744f61a02 -> 
  custom:container-demuxer-ogg: 62fdf1f143b41e24485cea50d1cbac27 -> 
  custom:video-encoder-webm-vp8: eb34c28f22e8b96e1ab97ce403110664 -> 
  custom:video-decoder-webm-vp8: 9c59270c3fd7afecdb556c50c9e8de78 -> 
  custom:audio-decoder-ogg-vorbis: bf7c407c2cedff20999df2af8eb42d56 -> 
  custom:audio-encoder-webm-vorbis: bf7c407c2cedff20999df2af8eb42d56 -> 
========================================================================
Received Import Request.
  path: Assets/Prefabs
  artifactKey: Guid(416af7962e1643d4cada677597ba2d67) Importer(815301076,1909f56bfc062723c751e8b465ee728b)
Start importing Assets/Prefabs using Guid(416af7962e1643d4cada677597ba2d67) Importer(815301076,1909f56bfc062723c751e8b465ee728b)  -> (artifact id: 'aaf1632355f3b7e7010e2f14b5d6b8e2') in 0.007815 seconds 
========================================================================
Received Prepare
Registering precompiled user dll's ...
Registered in 0.004780 seconds.
Begin MonoManager ReloadAssembly
Symbol file LoadedFromMemory doesn't match image C:\Users\Ethan\Desktop\MDIA410L-Portfolio-Project\Portfolio-Project\Library\PackageCache\com.unity.visualscripting@1.6.1\Editor\VisualScripting.Core\Dependencies\YamlDotNet\Unity.VisualScripting.YamlDotNet.dll
Symbol file LoadedFromMemory doesn't match image C:\Users\Ethan\Desktop\MDIA410L-Portfolio-Project\Portfolio-Project\Library\PackageCache\com.unity.visualscripting@1.6.1\Editor\VisualScripting.Core\Dependencies\DotNetZip\Unity.VisualScripting.IonicZip.dll
Native extension for WindowsStandalone target not found
Refreshing native plugins compatible for Editor in 0.63 ms, found 3 plugins.
Preloading 0 native plugins for Editor in 0.00 ms.
Mono: successfully reloaded assembly
- Completed reload, in  0.898 seconds
Domain Reload Profiling:
	ReloadAssembly (899ms)
		BeginReloadAssembly (101ms)
			ExecutionOrderSort (0ms)
			DisableScriptedObjects (4ms)
			BackupInstance (0ms)
			ReleaseScriptingObjects (0ms)
			CreateAndSetChildDomain (29ms)
		EndReloadAssembly (747ms)
			LoadAssemblies (70ms)
			RebuildTransferFunctionScriptingTraits (0ms)
			SetupTypeCache (274ms)
			ReleaseScriptCaches (1ms)
			RebuildScriptCaches (37ms)
			SetupLoadedEditorAssemblies (270ms)
				LogAssemblyErrors (0ms)
				InitializePlatformSupportModulesInManaged (4ms)
				SetLoadedEditorAssemblies (0ms)
				RefreshPlugins (1ms)
				BeforeProcessingInitializeOnLoad (48ms)
				ProcessInitializeOnLoadAttributes (206ms)
				ProcessInitializeOnLoadMethodAttributes (4ms)
				AfterProcessingInitializeOnLoad (6ms)
				EditorAssembliesLoaded (0ms)
			ExecutionOrderSort2 (0ms)
			AwakeInstancesAfterBackupRestoration (6ms)
Platform modules already initialized, skipping
Refreshing native plugins compatible for Editor in 0.59 ms, found 3 plugins.
Preloading 0 native plugins for Editor in 0.00 ms.
Unloading 3249 Unused Serialized files (Serialized files now loaded: 0)
System memory in use before: 120.6 MB.
System memory in use after: 120.9 MB.

Unloading 17 unused Assets to reduce memory usage. Loaded Objects now: 3726.
Total: 2.204200 ms (FindLiveObjects: 0.205700 ms CreateObjectMapping: 0.127300 ms MarkObjects: 1.855200 ms  DeleteObjects: 0.014900 ms)

AssetImportParameters requested are different than current active one (requested -> active):
  custom:framework-win-MediaFoundation: 216162199b28c13a410421893ffa2e32 -> 
  custom:video-decoder-ogg-theora: a1e56fd34408186e4bbccfd4996cb3dc -> 
  custom:container-muxer-webm: aa71ff27fc2769a1b78a27578f13a17b -> 
  custom:container-demuxer-webm: 4f35f7cbe854078d1ac9338744f61a02 -> 
  custom:container-demuxer-ogg: 62fdf1f143b41e24485cea50d1cbac27 -> 
  custom:video-encoder-webm-vp8: eb34c28f22e8b96e1ab97ce403110664 -> 
  custom:video-decoder-webm-vp8: 9c59270c3fd7afecdb556c50c9e8de78 -> 
  custom:audio-decoder-ogg-vorbis: bf7c407c2cedff20999df2af8eb42d56 -> 
  custom:audio-encoder-webm-vorbis: bf7c407c2cedff20999df2af8eb42d56 -> 
========================================================================
Received Import Request.
  Time since last request: 2795.581406 seconds.
  path: Assets/Concrete textures pack/pattern 01
  artifactKey: Guid(20e6994e402e69741811da3f43817f19) Importer(815301076,1909f56bfc062723c751e8b465ee728b)
Start importing Assets/Concrete textures pack/pattern 01 using Guid(20e6994e402e69741811da3f43817f19) Importer(815301076,1909f56bfc062723c751e8b465ee728b)  -> (artifact id: '0b847668c01a62da6171a1ea271ef9bc') in 0.010062 seconds 
========================================================================
Received Import Request.
  Time since last request: 0.033131 seconds.
  path: Assets/Concrete textures pack/pattern 01/Concrete pattern 01.mat
  artifactKey: Guid(9447935ca27fed54c9c28112b77d5908) Importer(815301076,1909f56bfc062723c751e8b465ee728b)
Start importing Assets/Concrete textures pack/pattern 01/Concrete pattern 01.mat using Guid(9447935ca27fed54c9c28112b77d5908) Importer(815301076,1909f56bfc062723c751e8b465ee728b)  -> (artifact id: '64d62e6ad6ac2bc0de1fc5bd68d3f0cc') in 0.191117 seconds 
========================================================================
Received Import Request.
  Time since last request: 0.000214 seconds.
  path: Assets/Concrete textures pack/pattern 01/diffuse.tga
  artifactKey: Guid(52fb9790650d0324c8b24cae56159844) Importer(815301076,1909f56bfc062723c751e8b465ee728b)
Start importing Assets/Concrete textures pack/pattern 01/diffuse.tga using Guid(52fb9790650d0324c8b24cae56159844) Importer(815301076,1909f56bfc062723c751e8b465ee728b)  -> (artifact id: 'b2fcc81f0f86d24ef02d909e23c2cde9') in 0.016889 seconds 
========================================================================
Received Import Request.
  Time since last request: 0.000208 seconds.
  path: Assets/Concrete textures pack/pattern 01/preview.jpg
  artifactKey: Guid(b66c0912b671be645bfcf63a83e63369) Importer(815301076,1909f56bfc062723c751e8b465ee728b)
Start importing Assets/Concrete textures pack/pattern 01/preview.jpg using Guid(b66c0912b671be645bfcf63a83e63369) Importer(815301076,1909f56bfc062723c751e8b465ee728b)  -> (artifact id: 'dfbc309c6af7989e6258e2ef249fdf51') in 0.015637 seconds 
========================================================================
Received Import Request.
  Time since last request: 0.000182 seconds.
  path: Assets/Concrete textures pack/pattern 01/normal.tga
  artifactKey: Guid(4c89e0f06b2b0c34ebb9b930314cf921) Importer(815301076,1909f56bfc062723c751e8b465ee728b)
Start importing Assets/Concrete textures pack/pattern 01/normal.tga using Guid(4c89e0f06b2b0c34ebb9b930314cf921) Importer(815301076,1909f56bfc062723c751e8b465ee728b)  -> (artifact id: '56036ff14a0d7ce04ec14acecea3fc94') in 0.009822 seconds 
========================================================================
Received Import Request.
  Time since last request: 3.459163 seconds.
  path: Assets/Concrete textures pack/pattern 02/Concrete pattern 02.mat
  artifactKey: Guid(74c690b29deaf184eb0f56c386f5ef8f) Importer(815301076,1909f56bfc062723c751e8b465ee728b)
Start importing Assets/Concrete textures pack/pattern 02/Concrete pattern 02.mat using Guid(74c690b29deaf184eb0f56c386f5ef8f) Importer(815301076,1909f56bfc062723c751e8b465ee728b)  -> (artifact id: '2c4986b2a4962f925876bc98e01fe212') in 0.011859 seconds 
========================================================================
Received Import Request.
  Time since last request: 0.000186 seconds.
  path: Assets/Concrete textures pack/pattern 02/diffuse.tga
  artifactKey: Guid(ac337a3170ca1644fbe573e8389e6224) Importer(815301076,1909f56bfc062723c751e8b465ee728b)
Start importing Assets/Concrete textures pack/pattern 02/diffuse.tga using Guid(ac337a3170ca1644fbe573e8389e6224) Importer(815301076,1909f56bfc062723c751e8b465ee728b)  -> (artifact id: 'd10a55ae2607f13c66434fd34337d6c5') in 0.009667 seconds 
========================================================================
Received Import Request.
  Time since last request: 0.000192 seconds.
  path: Assets/Concrete textures pack/pattern 02/preview.jpg
  artifactKey: Guid(07a98f2a2d328484eb1ec0d5dfe110f8) Importer(815301076,1909f56bfc062723c751e8b465ee728b)
Start importing Assets/Concrete textures pack/pattern 02/preview.jpg using Guid(07a98f2a2d328484eb1ec0d5dfe110f8) Importer(815301076,1909f56bfc062723c751e8b465ee728b)  -> (artifact id: 'c4875465dfb280b935546e609cb96de7') in 0.008466 seconds 
========================================================================
Received Import Request.
  Time since last request: 0.000313 seconds.
  path: Assets/Concrete textures pack/pattern 02/normal.tga
  artifactKey: Guid(36c90be17cf50af41a9f4c35a0abc566) Importer(815301076,1909f56bfc062723c751e8b465ee728b)
Start importing Assets/Concrete textures pack/pattern 02/normal.tga using Guid(36c90be17cf50af41a9f4c35a0abc566) Importer(815301076,1909f56bfc062723c751e8b465ee728b)  -> (artifact id: '6b5dd117ad77c9df39c45ba4138847f0') in 0.009429 seconds 
========================================================================
Received Import Request.
  Time since last request: 1.048245 seconds.
  path: Assets/Concrete textures pack/pattern 03/Concrete pattern 03.mat
  artifactKey: Guid(52c9083b299dfa3479caa56bb9f0a98c) Importer(815301076,1909f56bfc062723c751e8b465ee728b)
Start importing Assets/Concrete textures pack/pattern 03/Concrete pattern 03.mat using Guid(52c9083b299dfa3479caa56bb9f0a98c) Importer(815301076,1909f56bfc062723c751e8b465ee728b)  -> (artifact id: '7beac237f65f2d536c39af5fbf6ecf30') in 0.016570 seconds 
========================================================================
Received Import Request.
  Time since last request: 0.000199 seconds.
  path: Assets/Concrete textures pack/pattern 03/preview.jpg
  artifactKey: Guid(f4ecf1c1e4543d14ea7d040b6ad512de) Importer(815301076,1909f56bfc062723c751e8b465ee728b)
Start importing Assets/Concrete textures pack/pattern 03/preview.jpg using Guid(f4ecf1c1e4543d14ea7d040b6ad512de) Importer(815301076,1909f56bfc062723c751e8b465ee728b)  -> (artifact id: '765166f30057a0d55de2d1250863d40c') in 0.007887 seconds 
========================================================================
Received Import Request.
  Time since last request: 0.000299 seconds.
  path: Assets/Concrete textures pack/pattern 03/normal.tga
  artifactKey: Guid(a4b3c4b19bb248240b69534d0d290fa6) Importer(815301076,1909f56bfc062723c751e8b465ee728b)
Start importing Assets/Concrete textures pack/pattern 03/normal.tga using Guid(a4b3c4b19bb248240b69534d0d290fa6) Importer(815301076,1909f56bfc062723c751e8b465ee728b)  -> (artifact id: '7ffd56d48150fae8adcd6dbdcb78618b') in 0.010092 seconds 
========================================================================
Received Import Request.
  Time since last request: 0.000291 seconds.
  path: Assets/Concrete textures pack/pattern 03/diffuse.tga
  artifactKey: Guid(a0abf4a2000b8db4b839f1a048fafbc8) Importer(815301076,1909f56bfc062723c751e8b465ee728b)
Start importing Assets/Concrete textures pack/pattern 03/diffuse.tga using Guid(a0abf4a2000b8db4b839f1a048fafbc8) Importer(815301076,1909f56bfc062723c751e8b465ee728b)  -> (artifact id: '0dbfd94ef4cfc08e2ffef9bdeeffaf53') in 0.010752 seconds 
========================================================================
Received Import Request.
  Time since last request: 0.747051 seconds.
  path: Assets/Concrete textures pack/pattern 04/Concrete pattern 04.mat
  artifactKey: Guid(46be5f15e363aac4381cc9eb6efc673f) Importer(815301076,1909f56bfc062723c751e8b465ee728b)
Start importing Assets/Concrete textures pack/pattern 04/Concrete pattern 04.mat using Guid(46be5f15e363aac4381cc9eb6efc673f) Importer(815301076,1909f56bfc062723c751e8b465ee728b)  -> (artifact id: '1c8962daceb2acd97d6684d643c428ca') in 0.012460 seconds 
========================================================================
Received Import Request.
  Time since last request: 0.000242 seconds.
  path: Assets/Concrete textures pack/pattern 04/preview.jpg
  artifactKey: Guid(ea6fbebb7b7c6204d9a867e55c8bbc65) Importer(815301076,1909f56bfc062723c751e8b465ee728b)
Start importing Assets/Concrete textures pack/pattern 04/preview.jpg using Guid(ea6fbebb7b7c6204d9a867e55c8bbc65) Importer(815301076,1909f56bfc062723c751e8b465ee728b)  -> (artifact id: 'ca02034ce1d6fe6ace8ca1eff12a4bd8') in 0.007512 seconds 
========================================================================
Received Import Request.
  Time since last request: 0.000245 seconds.
  path: Assets/Concrete textures pack/pattern 04/diffuse.tga
  artifactKey: Guid(f177303393a7c84488d40d0843aab036) Importer(815301076,1909f56bfc062723c751e8b465ee728b)
Start importing Assets/Concrete textures pack/pattern 04/diffuse.tga using Guid(f177303393a7c84488d40d0843aab036) Importer(815301076,1909f56bfc062723c751e8b465ee728b)  -> (artifact id: '7d8bf75320a9200562a40856dc290bcc') in 0.009736 seconds 
========================================================================
Received Import Request.
  Time since last request: 0.000246 seconds.
  path: Assets/Concrete textures pack/pattern 04/normal.tga
  artifactKey: Guid(10aaffe9500c81040b80c85d480a877e) Importer(815301076,1909f56bfc062723c751e8b465ee728b)
Start importing Assets/Concrete textures pack/pattern 04/normal.tga using Guid(10aaffe9500c81040b80c85d480a877e) Importer(815301076,1909f56bfc062723c751e8b465ee728b)  -> (artifact id: '73233ef0f38da68601074132fa555543') in 0.008909 seconds 
========================================================================
Received Import Request.
  Time since last request: 1.206988 seconds.
  path: Assets/Concrete textures pack/pattern 05/Concrete pattern 05.mat
  artifactKey: Guid(04652004be933ba41b4ac32ddd7f5eeb) Importer(815301076,1909f56bfc062723c751e8b465ee728b)
Start importing Assets/Concrete textures pack/pattern 05/Concrete pattern 05.mat using Guid(04652004be933ba41b4ac32ddd7f5eeb) Importer(815301076,1909f56bfc062723c751e8b465ee728b)  -> (artifact id: '40206af786dd9e1cc56d3ce2c85b44ce') in 0.012403 seconds 
========================================================================
Received Import Request.
  Time since last request: 0.000257 seconds.
  path: Assets/Concrete textures pack/pattern 05/preview.jpg
  artifactKey: Guid(70f4b090dd9924e4d96be2d653c9f7c1) Importer(815301076,1909f56bfc062723c751e8b465ee728b)
Start importing Assets/Concrete textures pack/pattern 05/preview.jpg using Guid(70f4b090dd9924e4d96be2d653c9f7c1) Importer(815301076,1909f56bfc062723c751e8b465ee728b)  -> (artifact id: 'eddae267468d08fcd37961ff937d0eef') in 0.010038 seconds 
========================================================================
Received Import Request.
  Time since last request: 0.000251 seconds.
  path: Assets/Concrete textures pack/pattern 05/diffuse.tga
  artifactKey: Guid(f3c3b5b741e8fda40b5541562f461415) Importer(815301076,1909f56bfc062723c751e8b465ee728b)
Start importing Assets/Concrete textures pack/pattern 05/diffuse.tga using Guid(f3c3b5b741e8fda40b5541562f461415) Importer(815301076,1909f56bfc062723c751e8b465ee728b)  -> (artifact id: '0ff34c2a1336270df8c1676977ed462f') in 0.009919 seconds 
========================================================================
Received Import Request.
  Time since last request: 0.000224 seconds.
  path: Assets/Concrete textures pack/pattern 05/normal.tga
  artifactKey: Guid(2fee60a97b8865c4ca9b84b80f6b12d7) Importer(815301076,1909f56bfc062723c751e8b465ee728b)
Start importing Assets/Concrete textures pack/pattern 05/normal.tga using Guid(2fee60a97b8865c4ca9b84b80f6b12d7) Importer(815301076,1909f56bfc062723c751e8b465ee728b)  -> (artifact id: '93aae34350dec528646342841c407547') in 0.009727 seconds 
AssetImportWorkerClient::OnTransportError - code=2 error=End of file
